<?xml version="1.0" encoding="UTF-8"?>
<!-- Generated by org.testng.reporters.JUnitReportReporter -->
<testsuite skipped="0" hostname="DESKTOP-O2V6U4O" name="runners.MyTestNGRunner" tests="4" failures="0" timestamp="2020-02-24T23:54:15 GMT" time="1.484" errors="0">
  <testcase name="runScenario" time="0.022" classname="runners.MyTestNGRunner"/>
  <system-out/>
  <testcase name="runScenario" time="1.368" classname="runners.MyTestNGRunner"/>
  <system-out/>
  <testcase name="runScenario" time="0.025" classname="runners.MyTestNGRunner"/>
  <system-out/>
  <testcase name="runScenario" time="0.069" classname="runners.MyTestNGRunner"/>
  <system-out/>
</testsuite> <!-- runners.MyTestNGRunner -->
